#
# There is insufficient memory for the Java Runtime Environment to continue.
# Native memory allocation (mmap) failed to map 266338304 bytes. Error detail: G1 virtual space
# Possible reasons:
#   The system is out of physical RAM or swap space
#   This process is running with CompressedOops enabled, and the Java Heap may be blocking the growth of the native heap
# Possible solutions:
#   Reduce memory load on the system
#   Increase physical memory or swap space
#   Check if swap backing store is full
#   Decrease Java heap size (-Xmx/-Xms)
#   Decrease number of Java threads
#   Decrease Java thread stack sizes (-Xss)
#   Set larger code cache with -XX:ReservedCodeCacheSize=
#   JVM is running with Zero Based Compressed Oops mode in which the Java heap is
#     placed in the first 32GB address space. The Java Heap base address is the
#     maximum limit for the native heap growth. Please use -XX:HeapBaseMinAddress
#     to set the Java Heap base and to place the Java Heap above 32GB virtual address.
# This output file may be truncated or incomplete.
#
#  Out of Memory Error (os_windows.cpp:3825), pid=26312, tid=26324
#
# JRE version:  (17.0.11) (build )
# Java VM: OpenJDK 64-Bit Server VM (17.0.11+0--11852314, mixed mode, sharing, tiered, compressed oops, compressed class ptrs, g1 gc, windows-amd64)
# No core dump will be written. Minidumps are not enabled by default on client versions of Windows
#

---------------  S U M M A R Y ------------

Command Line: git4idea.http.GitAskPassApp Username for 'https://github.com': 

Host: 11th Gen Intel(R) Core(TM) i7-1165G7 @ 2.80GHz, 8 cores, 15G,  Windows 11 , 64 bit Build 22621 (10.0.22621.3958)
Time: Fri Oct 25 17:59:32 2024 Paris, Madrid (heure duild 22621 (10.0.22621.3958) elapsed time: 0.087912 seconds (0d 0h 0m 0s)

---------------  T H R E A D  ---------------

Current thread (0x0000029e6ed1e990):  JavaThread "Unknown thread" [_thread_in_vm, id=26324, stack(0x000000fc73c00000,0x000000fc73d00000)]

Stack: [0x000000fc73c00000,0x000000fc73d00000]
Native frames: (J=compiled Java code, j=interpreted, Vv=VM code, C=native code)
V  [jvm.dll+0x687bb9]
V  [jvm.dll+0x84142a]
V  [jvm.dll+0x8430ae]
V  [jvm.dll+0x843713]
V  [jvm.dll+0x24a35f]
V  [jvm.dll+0x684989]
V  [jvm.dll+0x67923a]
V  [jvm.dll+0x30af0b]
V  [jvm.dll+0x3123b6]
V  [jvm.dll+0x361dfe]
V  [jvm.dll+0x36202f]
V  [jvm.dll+0x2e0d38]
V  [jvm.dll+0x2e1ca4]
V  [jvm.dll+0x811f21]
V  [jvm.dll+0x36fb68]
V  [jvm.dll+0x7f0896]
V  [jvm.dll+0x3f3d2f]
V  [jvm.dll+0x3f58e1]
C  [jli.dll+0x528f]
C  [ucrtbase.dll+0x29333]
C  [KERNEL32.DLL+0x1257d]
C  [ntdll.dll+0x5af08]


---------------  P R O C E S S  ---------------

Threads class SMR info:
_java_thread_list=0x00007ff954ecefd8, length=0, elements={
}

Java Threads: ( => current thread )

Other Threads:
  0x0000029e6ed86b00 GCTaskThread "GC Thread#0" [stack: 0x000000fc73d00000,0x000000fc73e00000] [id=23548]
  0x0000029e6ed97720 ConcurrentGCThread "G1 Main Marker" [stack: 0x000000fc73e00000,0x000000fc73f00000] [id=17708]
  0x0000029e6ed98140 ConcurrentGCThread "G1 Conc#0" [stack: 0x000000fc73f00000,0x000000fc74000000] [id=15532]

[error occurred during error reporting (printing all threads), id 0xc0000005, EXCEPTION_ACCESS_VIOLATION (0xc0000005) at pc=0x00007ff954681907]

VM state: not at safepoint (not fully initialized)

VM Mutex/Monitor currently owned by a thread:  ([mutex/lock_event])
[0x0000029e6ed1da20] Heap_lock - owner thread: 0x0000029e6ed1e990

Heap address: 0x0000000703200000, size: 4046 MB, Compressed Oops mode: Zero based, Oop shift amount: 3

CDS archive(s) mapped at: [0x0000000000000000-0x0000000000000000-0x0000000000000000), size 0, SharedBaseAddress: 0x0000000800000000, ArchiveRelocationMode: 1.
Narrow klass base: 0x0000000000000000, Narrow klass shift: 0, Narrow klass range: 0x0

GC Precious Log:
<Empty>

Heap:
 garbage-first heap   total 0K, used 0K [0x0000000703200000, 0x0000000800000000)
  region size 2048K, 0 young (0K), 0 survivors (0K)
 Metaspace       used 0K, committed 0K, reserved 0K
  class space    used 0K, committed 0K, reserved 0K

Heap Regions: E=young(eden), S=young(survivor), O=old, HS=humongous(starts), HC=humongous(continues), CS=collection set, F=free, OA=open archive, CA=closed archive, TAMS=top-at-mark-start (previous, next)

Card table byte_map: [0x0000029e72d10000,0x0000029e73500000] _byte_map_base: 0x0000029e6f4f7000

Marking Bits (Prev, Next): (CMBitMap*) 0x0000029e6ed87120, (CMBitMap*) 0x0000029e6ed87160
 Prev Bits: [0x0000029e73cf0000, 0x0000029e77c28000)
 Next Bits: [0x0000029e77c30000, 0x0000029e7bb68000)

GC Heap History (0 events):
No events

Dll operation events (1 events):
Event: 0.007 Loaded shared library D:\Program Files\Android\Android Studio\jbr\bin\java.dll

Deoptimization events (0 events):
No events

Classes unloaded (0 events):
No events

Classes redefined (0 events):
No events

Internal exceptions (0 events):
No events

VM Operations (0 events):
No events

Events (0 events):
No events


Dynamic libraries:
0x00007ff66f8f0000 - 0x00007ff66f8fa000 	D:\Program Files\Android\Android Studio\jbr\bin\java.exe
0x00007ff9c7330000 - 0x00007ff9c7547000 	C:\WINDOWS\SYSTEM32\ntdll.dll
0x00007ff9c6640000 - 0x00007ff9c6704000 	C:\WINDOWS\System32\KERNEL32.DLL
0x00007ff9c4760000 - 0x00007ff9c4b17000 	C:\WINDOWS\System32\KERNELBASE.dll
0x00007ff9c4c40000 - 0x00007ff9c4d51000 	C:\WINDOWS\System32\ucrtbase.dll
0x00007ff9b54f0000 - 0x00007ff9b5507000 	D:\Program Files\Android\Android Studio\jbr\bin\jli.dll
0x00007ff9bb9d0000 - 0x00007ff9bb9eb000 	D:\Program Files\Android\Android Studio\jbr\bin\VCRUNTIME140.dll
0x00007ff9c5cb0000 - 0x00007ff9c5e5f000 	C:\WINDOWS\System32\USER32.dll
0x00007ff9c4640000 - 0x00007ff9c4666000 	C:\WINDOWS\System32\win32u.dll
0x00007ff9bad90000 - 0x00007ff9bb023000 	C:\WINDOWS\WinSxS\amd64_microsoft.windows.common-controls_6595b64144ccf1df_6.0.22621.3672_none_2713b9d173822955\COMCTL32.dll
0x00007ff9c72c0000 - 0x00007ff9c72e9000 	C:\WINDOWS\System32\GDI32.dll
0x00007ff9c7000000 - 0x00007ff9c70a7000 	C:\WINDOWS\System32\msvcrt.dll
0x00007ff9c4b20000 - 0x00007ff9c4c38000 	C:\WINDOWS\System32\gdi32full.dll
0x00007ff9c4d60000 - 0x00007ff9c4dfa000 	C:\WINDOWS\System32\msvcp_win.dll
0x00007ff9c71d0000 - 0x00007ff9c7201000 	C:\WINDOWS\System32\IMM32.DLL
0x00007ff9c0640000 - 0x00007ff9c064c000 	D:\Program Files\Android\Android Studio\jbr\bin\vcruntime140_1.dll
0x00007ff9a49e0000 - 0x00007ff9a4a6d000 	D:\Program Files\Android\Android Studio\jbr\bin\msvcp140.dll
0x00007ff954390000 - 0x00007ff955013000 	D:\Program Files\Android\Android Studio\jbr\bin\server\jvm.dll
0x00007ff9c7110000 - 0x00007ff9c71c2000 	C:\WINDOWS\System32\ADVAPI32.dll
0x00007ff9c59e0000 - 0x00007ff9c5a88000 	C:\WINDOWS\System32\sechost.dll
0x00007ff9c4f70000 - 0x00007ff9c4f98000 	C:\WINDOWS\System32\bcrypt.dll
0x00007ff9c5ab0000 - 0x00007ff9c5bc4000 	C:\WINDOWS\System32\RPCRT4.dll
0x00007ff9c42b0000 - 0x00007ff9c42fd000 	C:\WINDOWS\SYSTEM32\POWRPROF.dll
0x00007ff9be070000 - 0x00007ff9be0a4000 	C:\WINDOWS\SYSTEM32\WINMM.dll
0x00007ff9be010000 - 0x00007ff9be019000 	C:\WINDOWS\SYSTEM32\WSOCK32.dll
0x00007ff9be020000 - 0x00007ff9be02a000 	C:\WINDOWS\SYSTEM32\VERSION.dll
0x00007ff9c6710000 - 0x00007ff9c6781000 	C:\WINDOWS\System32\WS2_32.dll
0x00007ff9c40b0000 - 0x00007ff9c40c3000 	C:\WINDOWS\SYSTEM32\UMPDC.dll
0x00007ff9c3650000 - 0x00007ff9c3668000 	C:\WINDOWS\SYSTEM32\kernel.appcore.dll
0x00007ff9c0630000 - 0x00007ff9c063a000 	D:\Program Files\Android\Android Studio\jbr\bin\jimage.dll
0x00007ff9c1cc0000 - 0x00007ff9c1ef2000 	C:\WINDOWS\SYSTEM32\DBGHELP.DLL
0x00007ff9c6070000 - 0x00007ff9c63fe000 	C:\WINDOWS\System32\combase.dll
0x00007ff9c6450000 - 0x00007ff9c6527000 	C:\WINDOWS\System32\OLEAUT32.dll
0x00007ff9bcf40000 - 0x00007ff9bcf72000 	C:\WINDOWS\SYSTEM32\dbgcore.DLL
0x00007ff9c46e0000 - 0x00007ff9c475b000 	C:\WINDOWS\System32\bcryptPrimitives.dll
0x00007ff9b8c00000 - 0x00007ff9b8c25000 	D:\Program Files\Android\Android Studio\jbr\bin\java.dll

dbghelp: loaded successfully - version: 4.0.5 - missing functions: none
symbol engine: initialized successfully - sym options: 0x614 - pdb path: .;D:\Program Files\Android\Android Studio\jbr\bin;C:\WINDOWS\SYSTEM32;C:\WINDOWS\WinSxS\amd64_microsoft.windows.common-controls_6595b64144ccf1df_6.0.22621.3672_none_2713b9d173822955;D:\Program Files\Android\Android Studio\jbr\bin\server

VM Arguments:
java_command: git4idea.http.GitAskPassApp Username for 'https://github.com': 
java_class_path (initial): D:/Program Files/Android/Android Studio/plugins/vcs-git/lib/git4idea-rt.jar;D:/Program Files/Android/Android Studio/lib/externalProcess-rt.jar
Launcher Type: SUN_STANDARD

[Global flags]
     intx CICompilerCount                          = 4                                         {product} {ergonomic}
     uint ConcGCThreads                            = 2                                         {product} {ergonomic}
     uint G1ConcRefinementThreads                  = 8                                         {product} {ergonomic}
   size_t G1HeapRegionSize                         = 2097152                                   {product} {ergonomic}
    uintx GCDrainStackTargetSize                   = 64                                        {product} {ergonomic}
   size_t InitialHeapSize                          = 266338304                                 {product} {ergonomic}
   size_t MarkStackSize                            = 4194304                                   {product} {ergonomic}
   size_t MaxHeapSize                              = 4242538496                                {product} {ergonomic}
   size_t MinHeapDeltaBytes                        = 2097152                                   {product} {ergonomic}
   size_t MinHeapSize                              = 8388608                                   {product} {ergonomic}
    uintx NonNMethodCodeHeapSize                   = 5839372                                {pd product} {ergonomic}
    uintx NonProfiledCodeHeapSize                  = 122909434                              {pd product} {ergonomic}
    uintx ProfiledCodeHeapSize                     = 122909434                              {pd product} {ergonomic}
    uintx ReservedCodeCacheSize                    = 251658240                              {pd product} {ergonomic}
     bool SegmentedCodeCache                       = true                                      {product} {ergonomic}
   size_t SoftMaxHeapSize                          = 4242538496                             {manageable} {ergonomic}
     bool UseCompressedClassPointers               = true                           {product lp64_product} {ergonomic}
     bool UseCompressedOops                        = true                           {product lp64_product} {ergonomic}
     bool UseG1GC                                  = true                                      {product} {ergonomic}
     bool UseLargePagesIndividualAllocation        = false                                  {pd product} {ergonomic}

Logging:
Log output configuration:
 #0: stdout all=warning uptime,level,tags
 #1: stderr all=off uptime,level,tags

Environment Variables:
PATH=D:\Program Files\Git\mingw64\libexec\git-core;D:\Program Files\Git\mingw64\libexec\git-core;D:\Program Files\Git\mingw64\bin;D:\Program Files\Git\usr\bin;C:\Users\Colas\bin;C:\WINDOWS\system32;C:\WINDOWS;C:\WINDOWS\System32\Wbem;C:\WINDOWS\System32\WindowsPowerShell\v1.0;C:\WINDOWS\System32\OpenSSH;D:\Program Files (x86)\mingw32\bin;D:\Program Files\MATLAB\R2024a\runtime\win64;D:\Program Files\MATLAB\R2024a\bin;D:\Program Files\Git\cmd;C:\Users\Colas\.cargo\bin;D:\Program Files\JetBrains\IntelliJ IDEA 2024.1.1\bin;D:\Program Files\Microsoft VS Code\bin
USERNAME=Colas
DISPLAY=:0.0
LC_ALL=en_US.UTF-8
TERM=xterm-256color
TMPDIR=C:\Users\Colas\AppData\Local\Temp
OS=Windows_NT
PROCESSOR_IDENTIFIER=Intel64 Family 6 Model 140 Stepping 1, GenuineIntel
TMP=C:\Users\Colas\AppData\Local\Temp
TEMP=C:\Users\Colas\AppData\Local\Temp



Periodic native trim disabled

JNI global refs:
JNI global refs: 0, weak refs: 0

JNI global refs memory usage: 0, weak refs: 0

Process memory usage:
Resident Set Size: 12372K (0% of 16571704K total physical memory with 569132K free physical memory)

OOME stack traces (most recent first):
Classloader memory used:


---------------  S Y S T E M  ---------------

OS:
 Windows 11 , 64 bit Build 22621 (10.0.22621.3958)
OS uptime: 16 days 1:49 hours
Hyper-V role detected

CPU: total 8 (initial active 8) (4 cores per cpu, 2 threads per core) family 6 model 140 stepping 1 microcode 0x6e, cx8, cmov, fxsr, ht, mmx, 3dnowpref, sse, sse2, sse3, ssse3, sse4.1, sse4.2, popcnt, lzcnt, tsc, tscinvbit, avx, avx2, aes, erms, clmul, bmi1, bmi2, adx, avx512f, avx512dq, avx512cd, avx512bw, avx512vl, sha, fma, vzeroupper, avx512_vpopcntdq, avx512_vpclmulqdq, avx512_vaes, avx512_vnni, clflush, clflushopt, clwb, avx512_vbmi2, avx512_vbmi, hv
Processor Information for all 8 processors :
  Max Mhz: 2803, Current Mhz: 2803, Mhz Limit: 2803

Memory: 4k page, system-wide physical 16183M (555M free)
TotalPageFile size 31469M (AvailPageFile size 158M)
current process WorkingSet (physical memory assigned to process): 12M, peak: 12M
current process commit charge ("private bytes"): 60M, peak: 314M

vm_info: OpenJDK 64-Bit Server VM (17.0.11+0--11852314) for windows-amd64 JRE (17.0.11+0--11852314), built on May 16 2024 21:29:20 by "androidbuild" with MS VC++ 16.10 / 16.11 (VS2019)

END.
